{"/Users/woniuppp/vuejs/weiyouyi/src/reactivity/baseHandlers.js": {"path":"/Users/woniuppp/vuejs/weiyouyi/src/reactivity/baseHandlers.js","statementMap":{"0":{"start":{"line":10,"column":12},"end":{"line":10,"column":26}},"1":{"start":{"line":11,"column":12},"end":{"line":11,"column":26}},"2":{"start":{"line":12,"column":27},"end":{"line":12,"column":45}},"3":{"start":{"line":15,"column":2},"end":{"line":38,"column":3}},"4":{"start":{"line":17,"column":23},"end":{"line":19,"column":91}},"5":{"start":{"line":18,"column":6},"end":{"line":19,"column":91}},"6":{"start":{"line":21,"column":4},"end":{"line":26,"column":5}},"7":{"start":{"line":22,"column":6},"end":{"line":22,"column":17}},"8":{"start":{"line":23,"column":11},"end":{"line":26,"column":5}},"9":{"start":{"line":25,"column":6},"end":{"line":25,"column":19}},"10":{"start":{"line":28,"column":16},"end":{"line":28,"column":50}},"11":{"start":{"line":29,"column":4},"end":{"line":29,"column":29}},"12":{"start":{"line":31,"column":4},"end":{"line":36,"column":5}},"13":{"start":{"line":35,"column":6},"end":{"line":35,"column":38}},"14":{"start":{"line":37,"column":4},"end":{"line":37,"column":14}},"15":{"start":{"line":42,"column":2},"end":{"line":49,"column":3}},"16":{"start":{"line":43,"column":19},"end":{"line":43,"column":60}},"17":{"start":{"line":46,"column":4},"end":{"line":46,"column":31}},"18":{"start":{"line":48,"column":4},"end":{"line":48,"column":17}},"19":{"start":{"line":52,"column":14},"end":{"line":52,"column":38}},"20":{"start":{"line":53,"column":2},"end":{"line":53,"column":27}},"21":{"start":{"line":54,"column":2},"end":{"line":54,"column":12}},"22":{"start":{"line":57,"column":17},"end":{"line":57,"column":36}},"23":{"start":{"line":58,"column":19},"end":{"line":58,"column":30}},"24":{"start":{"line":59,"column":17},"end":{"line":59,"column":52}},"25":{"start":{"line":60,"column":2},"end":{"line":62,"column":3}},"26":{"start":{"line":61,"column":4},"end":{"line":61,"column":34}},"27":{"start":{"line":63,"column":2},"end":{"line":63,"column":15}},"28":{"start":{"line":67,"column":31},"end":{"line":72,"column":1}},"29":{"start":{"line":74,"column":39},"end":{"line":79,"column":1}}},"fnMap":{"0":{"name":"createGetter","decl":{"start":{"line":14,"column":9},"end":{"line":14,"column":21}},"loc":{"start":{"line":14,"column":39},"end":{"line":39,"column":1}},"line":14},"1":{"name":"get","decl":{"start":{"line":15,"column":18},"end":{"line":15,"column":21}},"loc":{"start":{"line":15,"column":45},"end":{"line":38,"column":3}},"line":15},"2":{"name":"(anonymous_2)","decl":{"start":{"line":17,"column":23},"end":{"line":17,"column":24}},"loc":{"start":{"line":18,"column":6},"end":{"line":19,"column":91}},"line":18},"3":{"name":"createSetter","decl":{"start":{"line":41,"column":9},"end":{"line":41,"column":21}},"loc":{"start":{"line":41,"column":24},"end":{"line":50,"column":1}},"line":41},"4":{"name":"set","decl":{"start":{"line":42,"column":18},"end":{"line":42,"column":21}},"loc":{"start":{"line":42,"column":52},"end":{"line":49,"column":3}},"line":42},"5":{"name":"has","decl":{"start":{"line":51,"column":9},"end":{"line":51,"column":12}},"loc":{"start":{"line":51,"column":26},"end":{"line":55,"column":1}},"line":51},"6":{"name":"deleteProperty","decl":{"start":{"line":56,"column":9},"end":{"line":56,"column":23}},"loc":{"start":{"line":56,"column":37},"end":{"line":64,"column":1}},"line":56}},"branchMap":{"0":{"loc":{"start":{"line":14,"column":22},"end":{"line":14,"column":37}},"type":"default-arg","locations":[{"start":{"line":14,"column":32},"end":{"line":14,"column":37}}],"line":14},"1":{"loc":{"start":{"line":18,"column":6},"end":{"line":19,"column":91}},"type":"binary-expr","locations":[{"start":{"line":18,"column":6},"end":{"line":18,"column":31}},{"start":{"line":19,"column":7},"end":{"line":19,"column":43}},{"start":{"line":19,"column":47},"end":{"line":19,"column":90}}],"line":18},"2":{"loc":{"start":{"line":21,"column":4},"end":{"line":26,"column":5}},"type":"if","locations":[{"start":{"line":21,"column":4},"end":{"line":26,"column":5}},{"start":{"line":23,"column":11},"end":{"line":26,"column":5}}],"line":21},"3":{"loc":{"start":{"line":23,"column":11},"end":{"line":26,"column":5}},"type":"if","locations":[{"start":{"line":23,"column":11},"end":{"line":26,"column":5}},{"start":{},"end":{}}],"line":23},"4":{"loc":{"start":{"line":31,"column":4},"end":{"line":36,"column":5}},"type":"if","locations":[{"start":{"line":31,"column":4},"end":{"line":36,"column":5}},{"start":{},"end":{}}],"line":31},"5":{"loc":{"start":{"line":35,"column":13},"end":{"line":35,"column":38}},"type":"cond-expr","locations":[{"start":{"line":35,"column":21},"end":{"line":35,"column":24}},{"start":{"line":35,"column":25},"end":{"line":35,"column":38}}],"line":35},"6":{"loc":{"start":{"line":60,"column":2},"end":{"line":62,"column":3}},"type":"if","locations":[{"start":{"line":60,"column":2},"end":{"line":62,"column":3}},{"start":{},"end":{}}],"line":60},"7":{"loc":{"start":{"line":60,"column":6},"end":{"line":60,"column":22}},"type":"binary-expr","locations":[{"start":{"line":60,"column":6},"end":{"line":60,"column":12}},{"start":{"line":60,"column":16},"end":{"line":60,"column":22}}],"line":60}},"s":{"0":3,"1":3,"2":3,"3":6,"4":22,"5":22,"6":22,"7":0,"8":22,"9":0,"10":22,"11":22,"12":22,"13":5,"14":17,"15":3,"16":7,"17":7,"18":7,"19":0,"20":0,"21":0,"22":0,"23":0,"24":0,"25":0,"26":0,"27":0,"28":3,"29":3},"f":{"0":6,"1":22,"2":22,"3":3,"4":7,"5":0,"6":0},"b":{"0":[3],"1":[22,0,0],"2":[0,22],"3":[0,22],"4":[5,17],"5":[2,3],"6":[0,0],"7":[0,0]},"_coverageSchema":"1a1c01bbd47fc00a2c39e90264f33305004495a9","hash":"303c4c96606da8a7526fd232548c780f2f5af891"}
,"/Users/woniuppp/vuejs/weiyouyi/src/reactivity/computed.js": {"path":"/Users/woniuppp/vuejs/weiyouyi/src/reactivity/computed.js","statementMap":{"0":{"start":{"line":7,"column":2},"end":{"line":15,"column":3}},"1":{"start":{"line":8,"column":4},"end":{"line":8,"column":28}},"2":{"start":{"line":9,"column":4},"end":{"line":11,"column":5}},"3":{"start":{"line":10,"column":6},"end":{"line":10,"column":30}},"4":{"start":{"line":13,"column":4},"end":{"line":13,"column":32}},"5":{"start":{"line":14,"column":4},"end":{"line":14,"column":32}},"6":{"start":{"line":17,"column":2},"end":{"line":17,"column":44}},"7":{"start":{"line":22,"column":4},"end":{"line":22,"column":25}},"8":{"start":{"line":23,"column":4},"end":{"line":23,"column":25}},"9":{"start":{"line":24,"column":4},"end":{"line":24,"column":22}},"10":{"start":{"line":26,"column":4},"end":{"line":34,"column":6}},"11":{"start":{"line":29,"column":8},"end":{"line":32,"column":9}},"12":{"start":{"line":30,"column":10},"end":{"line":30,"column":28}},"13":{"start":{"line":31,"column":10},"end":{"line":31,"column":32}},"14":{"start":{"line":38,"column":4},"end":{"line":38,"column":24}},"15":{"start":{"line":39,"column":4},"end":{"line":42,"column":5}},"16":{"start":{"line":40,"column":6},"end":{"line":40,"column":25}},"17":{"start":{"line":41,"column":6},"end":{"line":41,"column":31}},"18":{"start":{"line":43,"column":4},"end":{"line":43,"column":20}},"19":{"start":{"line":47,"column":4},"end":{"line":47,"column":21}}},"fnMap":{"0":{"name":"computed","decl":{"start":{"line":3,"column":16},"end":{"line":3,"column":24}},"loc":{"start":{"line":3,"column":42},"end":{"line":18,"column":1}},"line":3},"1":{"name":"(anonymous_1)","decl":{"start":{"line":9,"column":13},"end":{"line":9,"column":14}},"loc":{"start":{"line":9,"column":19},"end":{"line":11,"column":5}},"line":9},"2":{"name":"(anonymous_2)","decl":{"start":{"line":21,"column":2},"end":{"line":21,"column":3}},"loc":{"start":{"line":21,"column":30},"end":{"line":35,"column":3}},"line":21},"3":{"name":"(anonymous_3)","decl":{"start":{"line":28,"column":17},"end":{"line":28,"column":18}},"loc":{"start":{"line":28,"column":23},"end":{"line":33,"column":7}},"line":28},"4":{"name":"(anonymous_4)","decl":{"start":{"line":37,"column":2},"end":{"line":37,"column":3}},"loc":{"start":{"line":37,"column":14},"end":{"line":44,"column":3}},"line":37},"5":{"name":"(anonymous_5)","decl":{"start":{"line":46,"column":2},"end":{"line":46,"column":3}},"loc":{"start":{"line":46,"column":17},"end":{"line":48,"column":3}},"line":46}},"branchMap":{"0":{"loc":{"start":{"line":7,"column":2},"end":{"line":15,"column":3}},"type":"if","locations":[{"start":{"line":7,"column":2},"end":{"line":15,"column":3}},{"start":{"line":12,"column":9},"end":{"line":15,"column":3}}],"line":7},"1":{"loc":{"start":{"line":29,"column":8},"end":{"line":32,"column":9}},"type":"if","locations":[{"start":{"line":29,"column":8},"end":{"line":32,"column":9}},{"start":{},"end":{}}],"line":29},"2":{"loc":{"start":{"line":39,"column":4},"end":{"line":42,"column":5}},"type":"if","locations":[{"start":{"line":39,"column":4},"end":{"line":42,"column":5}},{"start":{},"end":{}}],"line":39}},"s":{"0":2,"1":1,"2":1,"3":0,"4":1,"5":1,"6":2,"7":2,"8":2,"9":2,"10":2,"11":6,"12":4,"13":4,"14":5,"15":5,"16":5,"17":5,"18":5,"19":1},"f":{"0":2,"1":0,"2":2,"3":6,"4":5,"5":1},"b":{"0":[1,1],"1":[4,2],"2":[5,0]},"_coverageSchema":"1a1c01bbd47fc00a2c39e90264f33305004495a9","hash":"7aff7b0e366bd4bbb0063d510b8406fefc731a06"}
,"/Users/woniuppp/vuejs/weiyouyi/src/reactivity/effect.js": {"path":"/Users/woniuppp/vuejs/weiyouyi/src/reactivity/effect.js","statementMap":{"0":{"start":{"line":2,"column":18},"end":{"line":2,"column":22}},"1":{"start":{"line":3,"column":18},"end":{"line":3,"column":23}},"2":{"start":{"line":5,"column":18},"end":{"line":5,"column":31}},"3":{"start":{"line":10,"column":19},"end":{"line":18,"column":3}},"4":{"start":{"line":11,"column":4},"end":{"line":17,"column":5}},"5":{"start":{"line":12,"column":6},"end":{"line":12,"column":29}},"6":{"start":{"line":14,"column":6},"end":{"line":14,"column":17}},"7":{"start":{"line":16,"column":6},"end":{"line":16,"column":25}},"8":{"start":{"line":19,"column":2},"end":{"line":22,"column":3}},"9":{"start":{"line":21,"column":4},"end":{"line":21,"column":14}},"10":{"start":{"line":23,"column":2},"end":{"line":23,"column":40}},"11":{"start":{"line":25,"column":2},"end":{"line":25,"column":17}},"12":{"start":{"line":39,"column":16},"end":{"line":39,"column":37}},"13":{"start":{"line":40,"column":2},"end":{"line":46,"column":3}},"14":{"start":{"line":45,"column":4},"end":{"line":45,"column":46}},"15":{"start":{"line":47,"column":13},"end":{"line":47,"column":29}},"16":{"start":{"line":48,"column":2},"end":{"line":55,"column":3}},"17":{"start":{"line":49,"column":4},"end":{"line":49,"column":20}},"18":{"start":{"line":50,"column":4},"end":{"line":53,"column":5}},"19":{"start":{"line":52,"column":6},"end":{"line":52,"column":28}},"20":{"start":{"line":54,"column":4},"end":{"line":54,"column":26}},"21":{"start":{"line":61,"column":18},"end":{"line":61,"column":39}},"22":{"start":{"line":62,"column":2},"end":{"line":65,"column":3}},"23":{"start":{"line":64,"column":4},"end":{"line":64,"column":10}},"24":{"start":{"line":66,"column":15},"end":{"line":66,"column":31}},"25":{"start":{"line":67,"column":2},"end":{"line":69,"column":3}},"26":{"start":{"line":68,"column":4},"end":{"line":68,"column":10}},"27":{"start":{"line":70,"column":2},"end":{"line":77,"column":4}},"28":{"start":{"line":72,"column":4},"end":{"line":76,"column":5}},"29":{"start":{"line":73,"column":6},"end":{"line":73,"column":26}},"30":{"start":{"line":75,"column":6},"end":{"line":75,"column":16}}},"fnMap":{"0":{"name":"effect","decl":{"start":{"line":8,"column":16},"end":{"line":8,"column":22}},"loc":{"start":{"line":8,"column":41},"end":{"line":26,"column":1}},"line":8},"1":{"name":"(anonymous_1)","decl":{"start":{"line":10,"column":19},"end":{"line":10,"column":20}},"loc":{"start":{"line":10,"column":23},"end":{"line":18,"column":3}},"line":10},"2":{"name":"track","decl":{"start":{"line":28,"column":16},"end":{"line":28,"column":21}},"loc":{"start":{"line":28,"column":41},"end":{"line":56,"column":1}},"line":28},"3":{"name":"trigger","decl":{"start":{"line":57,"column":16},"end":{"line":57,"column":23}},"loc":{"start":{"line":57,"column":43},"end":{"line":78,"column":1}},"line":57},"4":{"name":"(anonymous_4)","decl":{"start":{"line":70,"column":15},"end":{"line":70,"column":16}},"loc":{"start":{"line":70,"column":29},"end":{"line":77,"column":3}},"line":70}},"branchMap":{"0":{"loc":{"start":{"line":8,"column":27},"end":{"line":8,"column":39}},"type":"default-arg","locations":[{"start":{"line":8,"column":37},"end":{"line":8,"column":39}}],"line":8},"1":{"loc":{"start":{"line":19,"column":2},"end":{"line":22,"column":3}},"type":"if","locations":[{"start":{"line":19,"column":2},"end":{"line":22,"column":3}},{"start":{},"end":{}}],"line":19},"2":{"loc":{"start":{"line":40,"column":2},"end":{"line":46,"column":3}},"type":"if","locations":[{"start":{"line":40,"column":2},"end":{"line":46,"column":3}},{"start":{},"end":{}}],"line":40},"3":{"loc":{"start":{"line":48,"column":2},"end":{"line":55,"column":3}},"type":"if","locations":[{"start":{"line":48,"column":2},"end":{"line":55,"column":3}},{"start":{},"end":{}}],"line":48},"4":{"loc":{"start":{"line":50,"column":4},"end":{"line":53,"column":5}},"type":"if","locations":[{"start":{"line":50,"column":4},"end":{"line":53,"column":5}},{"start":{},"end":{}}],"line":50},"5":{"loc":{"start":{"line":50,"column":8},"end":{"line":50,"column":47}},"type":"binary-expr","locations":[{"start":{"line":50,"column":8},"end":{"line":50,"column":31}},{"start":{"line":50,"column":35},"end":{"line":50,"column":47}}],"line":50},"6":{"loc":{"start":{"line":62,"column":2},"end":{"line":65,"column":3}},"type":"if","locations":[{"start":{"line":62,"column":2},"end":{"line":65,"column":3}},{"start":{},"end":{}}],"line":62},"7":{"loc":{"start":{"line":67,"column":2},"end":{"line":69,"column":3}},"type":"if","locations":[{"start":{"line":67,"column":2},"end":{"line":69,"column":3}},{"start":{},"end":{}}],"line":67},"8":{"loc":{"start":{"line":72,"column":4},"end":{"line":76,"column":5}},"type":"if","locations":[{"start":{"line":72,"column":4},"end":{"line":76,"column":5}},{"start":{"line":74,"column":11},"end":{"line":76,"column":5}}],"line":72}},"s":{"0":3,"1":3,"2":3,"3":8,"4":18,"5":18,"6":18,"7":18,"8":8,"9":6,"10":8,"11":8,"12":42,"13":42,"14":14,"15":42,"16":42,"17":14,"18":14,"19":12,"20":14,"21":17,"22":17,"23":0,"24":17,"25":17,"26":0,"27":17,"28":13,"29":6,"30":7},"f":{"0":8,"1":18,"2":42,"3":17,"4":13},"b":{"0":[6],"1":[6,2],"2":[14,28],"3":[14,28],"4":[12,2],"5":[14,14],"6":[0,17],"7":[0,17],"8":[6,7]},"_coverageSchema":"1a1c01bbd47fc00a2c39e90264f33305004495a9","hash":"d6b3a50bd64d9e3e3ca959a5e1c771e54fb89f9d"}
,"/Users/woniuppp/vuejs/weiyouyi/src/reactivity/reactive.js": {"path":"/Users/woniuppp/vuejs/weiyouyi/src/reactivity/reactive.js","statementMap":{"0":{"start":{"line":6,"column":27},"end":{"line":6,"column":40}},"1":{"start":{"line":7,"column":34},"end":{"line":7,"column":47}},"2":{"start":{"line":9,"column":28},"end":{"line":12,"column":1}},"3":{"start":{"line":15,"column":2},"end":{"line":15,"column":67}},"4":{"start":{"line":18,"column":2},"end":{"line":22,"column":3}},"5":{"start":{"line":28,"column":2},"end":{"line":28,"column":43}},"6":{"start":{"line":37,"column":24},"end":{"line":37,"column":44}},"7":{"start":{"line":38,"column":2},"end":{"line":40,"column":3}},"8":{"start":{"line":39,"column":4},"end":{"line":39,"column":24}},"9":{"start":{"line":42,"column":16},"end":{"line":42,"column":48}},"10":{"start":{"line":45,"column":2},"end":{"line":45,"column":29}},"11":{"start":{"line":46,"column":2},"end":{"line":46,"column":14}}},"fnMap":{"0":{"name":"reactive","decl":{"start":{"line":14,"column":16},"end":{"line":14,"column":24}},"loc":{"start":{"line":14,"column":33},"end":{"line":16,"column":1}},"line":14},"1":{"name":"shallowReactive","decl":{"start":{"line":17,"column":16},"end":{"line":17,"column":31}},"loc":{"start":{"line":17,"column":40},"end":{"line":23,"column":1}},"line":17},"2":{"name":"isReactive","decl":{"start":{"line":26,"column":16},"end":{"line":26,"column":26}},"loc":{"start":{"line":26,"column":34},"end":{"line":29,"column":1}},"line":26},"3":{"name":"createReactiveObject","decl":{"start":{"line":31,"column":9},"end":{"line":31,"column":29}},"loc":{"start":{"line":31,"column":63},"end":{"line":47,"column":1}},"line":31}},"branchMap":{"0":{"loc":{"start":{"line":38,"column":2},"end":{"line":40,"column":3}},"type":"if","locations":[{"start":{"line":38,"column":2},"end":{"line":40,"column":3}},{"start":{},"end":{}}],"line":38}},"s":{"0":3,"1":3,"2":3,"3":7,"4":2,"5":0,"6":9,"7":9,"8":2,"9":7,"10":7,"11":7},"f":{"0":7,"1":2,"2":0,"3":9},"b":{"0":[2,7]},"_coverageSchema":"1a1c01bbd47fc00a2c39e90264f33305004495a9","hash":"571d11c2fdb86fed36b14aff8b1de476d60e6579"}
,"/Users/woniuppp/vuejs/weiyouyi/src/reactivity/ref.js": {"path":"/Users/woniuppp/vuejs/weiyouyi/src/reactivity/ref.js","statementMap":{"0":{"start":{"line":6,"column":2},"end":{"line":8,"column":3}},"1":{"start":{"line":7,"column":4},"end":{"line":7,"column":14}},"2":{"start":{"line":9,"column":2},"end":{"line":9,"column":25}},"3":{"start":{"line":12,"column":2},"end":{"line":12,"column":31}},"4":{"start":{"line":18,"column":4},"end":{"line":18,"column":23}},"5":{"start":{"line":19,"column":4},"end":{"line":19,"column":28}},"6":{"start":{"line":22,"column":4},"end":{"line":22,"column":24}},"7":{"start":{"line":23,"column":4},"end":{"line":23,"column":20}},"8":{"start":{"line":27,"column":4},"end":{"line":30,"column":5}},"9":{"start":{"line":28,"column":6},"end":{"line":28,"column":30}},"10":{"start":{"line":29,"column":6},"end":{"line":29,"column":28}},"11":{"start":{"line":36,"column":2},"end":{"line":36,"column":44}}},"fnMap":{"0":{"name":"ref","decl":{"start":{"line":5,"column":16},"end":{"line":5,"column":19}},"loc":{"start":{"line":5,"column":25},"end":{"line":10,"column":1}},"line":5},"1":{"name":"isRef","decl":{"start":{"line":11,"column":16},"end":{"line":11,"column":21}},"loc":{"start":{"line":11,"column":27},"end":{"line":13,"column":1}},"line":11},"2":{"name":"(anonymous_2)","decl":{"start":{"line":17,"column":2},"end":{"line":17,"column":3}},"loc":{"start":{"line":17,"column":19},"end":{"line":20,"column":3}},"line":17},"3":{"name":"(anonymous_3)","decl":{"start":{"line":21,"column":2},"end":{"line":21,"column":3}},"loc":{"start":{"line":21,"column":14},"end":{"line":24,"column":3}},"line":21},"4":{"name":"(anonymous_4)","decl":{"start":{"line":26,"column":2},"end":{"line":26,"column":3}},"loc":{"start":{"line":26,"column":17},"end":{"line":31,"column":3}},"line":26},"5":{"name":"convert","decl":{"start":{"line":35,"column":9},"end":{"line":35,"column":16}},"loc":{"start":{"line":35,"column":22},"end":{"line":37,"column":1}},"line":35}},"branchMap":{"0":{"loc":{"start":{"line":6,"column":2},"end":{"line":8,"column":3}},"type":"if","locations":[{"start":{"line":6,"column":2},"end":{"line":8,"column":3}},{"start":{},"end":{}}],"line":6},"1":{"loc":{"start":{"line":12,"column":12},"end":{"line":12,"column":30}},"type":"binary-expr","locations":[{"start":{"line":12,"column":12},"end":{"line":12,"column":15}},{"start":{"line":12,"column":19},"end":{"line":12,"column":30}}],"line":12},"2":{"loc":{"start":{"line":27,"column":4},"end":{"line":30,"column":5}},"type":"if","locations":[{"start":{"line":27,"column":4},"end":{"line":30,"column":5}},{"start":{},"end":{}}],"line":27},"3":{"loc":{"start":{"line":36,"column":9},"end":{"line":36,"column":44}},"type":"cond-expr","locations":[{"start":{"line":36,"column":25},"end":{"line":36,"column":38}},{"start":{"line":36,"column":41},"end":{"line":36,"column":44}}],"line":36}},"s":{"0":5,"1":0,"2":5,"3":5,"4":5,"5":5,"6":15,"7":15,"8":6,"9":6,"10":6,"11":11},"f":{"0":5,"1":5,"2":5,"3":15,"4":6,"5":11},"b":{"0":[0,5],"1":[5,4],"2":[6,0],"3":[1,10]},"_coverageSchema":"1a1c01bbd47fc00a2c39e90264f33305004495a9","hash":"8514b963c46410d47af99010ce15d31dbffefd10"}
,"/Users/woniuppp/vuejs/weiyouyi/src/shared/index.js": {"path":"/Users/woniuppp/vuejs/weiyouyi/src/shared/index.js","statementMap":{"0":{"start":{"line":3,"column":2},"end":{"line":3,"column":48}},"1":{"start":{"line":7,"column":2},"end":{"line":7,"column":56}}},"fnMap":{"0":{"name":"isObject","decl":{"start":{"line":2,"column":16},"end":{"line":2,"column":24}},"loc":{"start":{"line":2,"column":29},"end":{"line":4,"column":1}},"line":2},"1":{"name":"hasOwn","decl":{"start":{"line":6,"column":16},"end":{"line":6,"column":22}},"loc":{"start":{"line":6,"column":33},"end":{"line":8,"column":1}},"line":6}},"branchMap":{"0":{"loc":{"start":{"line":3,"column":9},"end":{"line":3,"column":48}},"type":"binary-expr","locations":[{"start":{"line":3,"column":9},"end":{"line":3,"column":32}},{"start":{"line":3,"column":36},"end":{"line":3,"column":48}}],"line":3}},"s":{"0":33,"1":0},"f":{"0":33,"1":0},"b":{"0":[33,6]},"_coverageSchema":"1a1c01bbd47fc00a2c39e90264f33305004495a9","hash":"9f15ae7a62fcaef1274f58bab845d2f1d12eb1a4"}
}
